2025-05-08 23:56:44.924 [info] Extension host with pid 13764 started
2025-05-08 23:56:45.005 [info] ExtensionService#_doActivateExtension vscode.github-authentication, startup: false, activationEvent: 'onAuthenticationRequest:github'
2025-05-08 23:56:45.033 [info] ExtensionService#_doActivateExtension vscode.emmet, startup: false, activationEvent: 'onLanguage'
2025-05-08 23:56:45.052 [info] ExtensionService#_doActivateExtension vscode.html-language-features, startup: false, activationEvent: 'onLanguage:html'
2025-05-08 23:56:45.620 [info] ExtensionService#_doActivateExtension vscode.git-base, startup: true, activationEvent: '*', root cause: vscode.git
2025-05-08 23:56:45.701 [info] ExtensionService#_doActivateExtension vscode.git, startup: true, activationEvent: '*'
2025-05-08 23:56:45.753 [info] ExtensionService#_doActivateExtension vscode.github, startup: true, activationEvent: '*'
2025-05-08 23:56:45.859 [info] Eager extensions activated
2025-05-08 23:56:45.884 [info] ExtensionService#_doActivateExtension vscode.debug-auto-launch, startup: false, activationEvent: 'onStartupFinished'
2025-05-08 23:56:45.889 [info] ExtensionService#_doActivateExtension vscode.merge-conflict, startup: false, activationEvent: 'onStartupFinished'
2025-05-08 23:57:07.963 [info] Extension host terminating: renderer closed the MessagePort
2025-05-08 23:57:07.988 [info] Extension host with pid 13764 exiting with code 0
2025-05-08 23:57:09.092 [info] Extension host with pid 13879 started
2025-05-08 23:57:09.092 [info] Skipping acquiring lock for /var/www/html/User/workspaceStorage/501b3168a6d4def60d6f486b6911885b.
2025-05-08 23:57:09.118 [info] ExtensionService#_doActivateExtension vscode.github-authentication, startup: false, activationEvent: 'onAuthenticationRequest:github'
2025-05-08 23:57:09.197 [info] ExtensionService#_doActivateExtension vscode.git-base, startup: true, activationEvent: '*', root cause: vscode.git
2025-05-08 23:57:09.225 [info] ExtensionService#_doActivateExtension vscode.git, startup: true, activationEvent: '*'
2025-05-08 23:57:09.265 [info] ExtensionService#_doActivateExtension vscode.github, startup: true, activationEvent: '*'
2025-05-08 23:57:09.364 [info] Eager extensions activated
2025-05-08 23:57:09.387 [info] ExtensionService#_doActivateExtension vscode.debug-auto-launch, startup: false, activationEvent: 'onStartupFinished'
2025-05-08 23:57:09.390 [info] ExtensionService#_doActivateExtension vscode.merge-conflict, startup: false, activationEvent: 'onStartupFinished'
2025-05-08 23:57:15.967 [info] ExtensionService#_doActivateExtension vscode.html-language-features, startup: false, activationEvent: 'onLanguage:html'
2025-05-08 23:57:16.069 [info] ExtensionService#_doActivateExtension vscode.emmet, startup: false, activationEvent: 'onLanguage'
