2025-05-06 14:06:45.115 [info] Extension host with pid 40340 started
2025-05-06 14:06:45.191 [info] ExtensionService#_doActivateExtension vscode.github-authentication, startup: false, activationEvent: 'onAuthenticationRequest:github'
2025-05-06 14:06:45.215 [info] ExtensionService#_doActivateExtension vscode.emmet, startup: false, activationEvent: 'onLanguage'
2025-05-06 14:06:45.232 [info] ExtensionService#_doActivateExtension vscode.html-language-features, startup: false, activationEvent: 'onLanguage:html'
2025-05-06 14:06:45.877 [info] ExtensionService#_doActivateExtension vscode.git-base, startup: true, activationEvent: '*', root cause: vscode.git
2025-05-06 14:06:45.911 [info] ExtensionService#_doActivateExtension vscode.git, startup: true, activationEvent: '*'
2025-05-06 14:06:45.970 [info] ExtensionService#_doActivateExtension vscode.github, startup: true, activationEvent: '*'
2025-05-06 14:06:46.090 [info] Eager extensions activated
2025-05-06 14:06:46.115 [info] ExtensionService#_doActivateExtension vscode.debug-auto-launch, startup: false, activationEvent: 'onStartupFinished'
2025-05-06 14:06:46.119 [info] ExtensionService#_doActivateExtension vscode.merge-conflict, startup: false, activationEvent: 'onStartupFinished'
2025-05-06 14:06:53.616 [info] Extension host terminating: renderer closed the MessagePort
2025-05-06 14:06:53.644 [info] Extension host with pid 40340 exiting with code 0
2025-05-06 14:06:54.683 [info] Extension host with pid 40545 started
2025-05-06 14:06:54.683 [info] Skipping acquiring lock for /var/www/html/User/workspaceStorage/789aaa7364cdf4fc37da4424a3603a20.
2025-05-06 14:06:54.714 [info] ExtensionService#_doActivateExtension vscode.github-authentication, startup: false, activationEvent: 'onAuthenticationRequest:github'
2025-05-06 14:06:54.784 [info] ExtensionService#_doActivateExtension vscode.git-base, startup: true, activationEvent: '*', root cause: vscode.git
2025-05-06 14:06:54.794 [info] ExtensionService#_doActivateExtension vscode.git, startup: true, activationEvent: '*'
2025-05-06 14:06:54.856 [info] ExtensionService#_doActivateExtension vscode.github, startup: true, activationEvent: '*'
2025-05-06 14:06:54.943 [info] Eager extensions activated
2025-05-06 14:06:54.969 [info] ExtensionService#_doActivateExtension vscode.debug-auto-launch, startup: false, activationEvent: 'onStartupFinished'
2025-05-06 14:06:54.972 [info] ExtensionService#_doActivateExtension vscode.merge-conflict, startup: false, activationEvent: 'onStartupFinished'
2025-05-06 14:13:30.639 [info] ExtensionService#_doActivateExtension vscode.html-language-features, startup: false, activationEvent: 'onLanguage:html'
2025-05-06 14:13:30.705 [info] ExtensionService#_doActivateExtension vscode.emmet, startup: false, activationEvent: 'onLanguage'
2025-05-06 14:15:30.600 [info] ExtensionService#_doActivateExtension vscode.media-preview, startup: false, activationEvent: 'onCustomEditor:imagePreview.previewEditor'
2025-05-06 14:19:01.112 [info] ExtensionService#_doActivateExtension vscode.css-language-features, startup: false, activationEvent: 'onLanguage:css'
2025-05-06 14:25:57.252 [info] ExtensionService#_doActivateExtension vscode.php-language-features, startup: false, activationEvent: 'onLanguage:php'
2025-05-06 22:45:59.389 [info] Extension host terminating: renderer closed the MessagePort
2025-05-06 22:45:59.421 [info] Extension host with pid 40545 exiting with code 0
