2025-05-06 13:39:52.749 [info] Extension host with pid 29714 started
2025-05-06 13:39:52.831 [info] ExtensionService#_doActivateExtension vscode.github-authentication, startup: false, activationEvent: 'onAuthenticationRequest:github'
2025-05-06 13:39:52.860 [info] ExtensionService#_doActivateExtension vscode.emmet, startup: false, activationEvent: 'onLanguage'
2025-05-06 13:39:52.873 [info] ExtensionService#_doActivateExtension vscode.html-language-features, startup: false, activationEvent: 'onLanguage:html'
2025-05-06 13:39:53.387 [info] ExtensionService#_doActivateExtension vscode.git-base, startup: true, activationEvent: '*'
2025-05-06 13:39:53.423 [info] ExtensionService#_doActivateExtension vscode.github, startup: true, activationEvent: '*'
2025-05-06 13:39:53.484 [info] Eager extensions activated
2025-05-06 13:39:53.485 [info] ExtensionService#_doActivateExtension vscode.debug-auto-launch, startup: false, activationEvent: 'onStartupFinished'
2025-05-06 13:39:53.488 [info] ExtensionService#_doActivateExtension vscode.merge-conflict, startup: false, activationEvent: 'onStartupFinished'
2025-05-06 13:39:59.229 [info] ExtensionService#_doActivateExtension vscode.git, startup: false, activationEvent: 'api', root cause: vscode.github
2025-05-06 13:40:17.034 [info] Extension host terminating: renderer closed the MessagePort
2025-05-06 13:40:17.054 [info] Extension host with pid 29714 exiting with code 0
2025-05-06 13:40:17.936 [info] Extension host with pid 29956 started
2025-05-06 13:40:17.936 [info] Skipping acquiring lock for /var/www/html/User/workspaceStorage/789aaa7364cdf4fc37da4424a3603a20.
2025-05-06 13:40:17.954 [info] ExtensionService#_doActivateExtension vscode.github-authentication, startup: false, activationEvent: 'onAuthenticationRequest:github'
2025-05-06 13:40:18.103 [info] ExtensionService#_doActivateExtension vscode.git-base, startup: true, activationEvent: '*', root cause: vscode.git
2025-05-06 13:40:18.158 [info] ExtensionService#_doActivateExtension vscode.git, startup: true, activationEvent: '*'
2025-05-06 13:40:18.203 [info] ExtensionService#_doActivateExtension vscode.github, startup: true, activationEvent: '*'
2025-05-06 13:40:18.297 [info] Eager extensions activated
2025-05-06 13:40:18.311 [info] ExtensionService#_doActivateExtension vscode.debug-auto-launch, startup: false, activationEvent: 'onStartupFinished'
2025-05-06 13:40:18.313 [info] ExtensionService#_doActivateExtension vscode.merge-conflict, startup: false, activationEvent: 'onStartupFinished'
2025-05-06 13:40:28.953 [info] Extension host terminating: renderer closed the MessagePort
2025-05-06 13:40:28.968 [info] Extension host with pid 29956 exiting with code 0
2025-05-06 13:40:29.872 [info] Extension host with pid 30070 started
2025-05-06 13:40:29.872 [info] Skipping acquiring lock for /var/www/html/User/workspaceStorage/5c65df1c187fc3e9e6d73fbfb091fc78.
2025-05-06 13:40:29.913 [info] ExtensionService#_doActivateExtension vscode.github-authentication, startup: false, activationEvent: 'onAuthenticationRequest:github'
2025-05-06 13:40:29.968 [info] ExtensionService#_doActivateExtension vscode.git-base, startup: true, activationEvent: '*', root cause: vscode.git
2025-05-06 13:40:29.988 [info] ExtensionService#_doActivateExtension vscode.git, startup: true, activationEvent: '*'
2025-05-06 13:40:30.034 [info] ExtensionService#_doActivateExtension vscode.github, startup: true, activationEvent: '*'
2025-05-06 13:40:30.119 [info] Eager extensions activated
2025-05-06 13:40:30.132 [info] ExtensionService#_doActivateExtension vscode.debug-auto-launch, startup: false, activationEvent: 'onStartupFinished'
2025-05-06 13:40:30.135 [info] ExtensionService#_doActivateExtension vscode.merge-conflict, startup: false, activationEvent: 'onStartupFinished'
2025-05-06 13:40:35.405 [info] ExtensionService#_doActivateExtension vscode.html-language-features, startup: false, activationEvent: 'onLanguage:html'
2025-05-06 13:40:35.474 [info] ExtensionService#_doActivateExtension vscode.emmet, startup: false, activationEvent: 'onLanguage'
2025-05-06 13:48:41.624 [info] ExtensionService#_doActivateExtension vscode.php-language-features, startup: false, activationEvent: 'onLanguage:php'
2025-05-06 14:01:12.813 [info] Extension host terminating: renderer closed the MessagePort
2025-05-06 14:01:12.848 [info] Extension host with pid 30070 exiting with code 0
